{"/workspaces/node/src/controllers/file:/workspaces/node/src/controllers/produto.controller.ts": {"path":"/workspaces/node/src/controllers/file:/workspaces/node/src/controllers/produto.controller.ts","statementMap":{"0":{"start":{"line":2,"column":0},"end":{"line":2,"column":55}},"1":{"start":{"line":4,"column":19},"end":{"line":7,"column":1}},"2":{"start":{"line":5,"column":17},"end":{"line":5,"column":27}},"3":{"start":{"line":6,"column":2},"end":{"line":6,"column":40}},"4":{"start":{"line":9,"column":22},"end":{"line":17,"column":1}},"5":{"start":{"line":10,"column":2},"end":{"line":16,"column":3}},"6":{"start":{"line":11,"column":21},"end":{"line":11,"column":43}},"7":{"start":{"line":12,"column":4},"end":{"line":12,"column":35}},"8":{"start":{"line":14,"column":21},"end":{"line":14,"column":76}},"9":{"start":{"line":15,"column":4},"end":{"line":15,"column":39}},"10":{"start":{"line":9,"column":13},"end":{"line":9,"column":22}},"11":{"start":{"line":19,"column":27},"end":{"line":36,"column":1}},"12":{"start":{"line":23,"column":2},"end":{"line":35,"column":3}},"13":{"start":{"line":24,"column":20},"end":{"line":24,"column":62}},"14":{"start":{"line":26,"column":4},"end":{"line":29,"column":5}},"15":{"start":{"line":27,"column":6},"end":{"line":27,"column":67}},"16":{"start":{"line":28,"column":6},"end":{"line":28,"column":13}},"17":{"start":{"line":31,"column":4},"end":{"line":31,"column":34}},"18":{"start":{"line":33,"column":21},"end":{"line":33,"column":76}},"19":{"start":{"line":34,"column":4},"end":{"line":34,"column":39}},"20":{"start":{"line":19,"column":13},"end":{"line":19,"column":27}},"21":{"start":{"line":38,"column":21},"end":{"line":46,"column":1}},"22":{"start":{"line":39,"column":2},"end":{"line":45,"column":3}},"23":{"start":{"line":40,"column":20},"end":{"line":40,"column":49}},"24":{"start":{"line":41,"column":4},"end":{"line":41,"column":34}},"25":{"start":{"line":43,"column":21},"end":{"line":43,"column":76}},"26":{"start":{"line":44,"column":4},"end":{"line":44,"column":39}},"27":{"start":{"line":38,"column":13},"end":{"line":38,"column":21}},"28":{"start":{"line":48,"column":25},"end":{"line":62,"column":1}},"29":{"start":{"line":49,"column":2},"end":{"line":61,"column":3}},"30":{"start":{"line":50,"column":20},"end":{"line":50,"column":70}},"31":{"start":{"line":52,"column":4},"end":{"line":55,"column":5}},"32":{"start":{"line":53,"column":6},"end":{"line":53,"column":67}},"33":{"start":{"line":54,"column":6},"end":{"line":54,"column":13}},"34":{"start":{"line":57,"column":4},"end":{"line":57,"column":34}},"35":{"start":{"line":59,"column":21},"end":{"line":59,"column":76}},"36":{"start":{"line":60,"column":4},"end":{"line":60,"column":39}},"37":{"start":{"line":48,"column":13},"end":{"line":48,"column":25}},"38":{"start":{"line":64,"column":23},"end":{"line":78,"column":1}},"39":{"start":{"line":65,"column":2},"end":{"line":77,"column":3}},"40":{"start":{"line":66,"column":21},"end":{"line":66,"column":59}},"41":{"start":{"line":68,"column":4},"end":{"line":71,"column":5}},"42":{"start":{"line":69,"column":6},"end":{"line":69,"column":67}},"43":{"start":{"line":70,"column":6},"end":{"line":70,"column":13}},"44":{"start":{"line":73,"column":4},"end":{"line":73,"column":71}},"45":{"start":{"line":75,"column":21},"end":{"line":75,"column":76}},"46":{"start":{"line":76,"column":4},"end":{"line":76,"column":39}},"47":{"start":{"line":64,"column":13},"end":{"line":64,"column":23}}},"fnMap":{"0":{"name":"(anonymous_6)","decl":{"start":{"line":4,"column":19},"end":{"line":4,"column":20}},"loc":{"start":{"line":4,"column":53},"end":{"line":7,"column":1}}},"1":{"name":"(anonymous_7)","decl":{"start":{"line":9,"column":22},"end":{"line":9,"column":27}},"loc":{"start":{"line":9,"column":75},"end":{"line":17,"column":1}}},"2":{"name":"(anonymous_8)","decl":{"start":{"line":19,"column":27},"end":{"line":19,"column":32}},"loc":{"start":{"line":22,"column":19},"end":{"line":36,"column":1}}},"3":{"name":"(anonymous_9)","decl":{"start":{"line":38,"column":21},"end":{"line":38,"column":26}},"loc":{"start":{"line":38,"column":74},"end":{"line":46,"column":1}}},"4":{"name":"(anonymous_10)","decl":{"start":{"line":48,"column":25},"end":{"line":48,"column":30}},"loc":{"start":{"line":48,"column":78},"end":{"line":62,"column":1}}},"5":{"name":"(anonymous_11)","decl":{"start":{"line":64,"column":23},"end":{"line":64,"column":28}},"loc":{"start":{"line":64,"column":76},"end":{"line":78,"column":1}}}},"branchMap":{"0":{"loc":{"start":{"line":6,"column":9},"end":{"line":6,"column":39}},"type":"cond-expr","locations":[{"start":{"line":6,"column":29},"end":{"line":6,"column":34}},{"start":{"line":6,"column":37},"end":{"line":6,"column":39}}]},"1":{"loc":{"start":{"line":14,"column":21},"end":{"line":14,"column":76}},"type":"cond-expr","locations":[{"start":{"line":14,"column":46},"end":{"line":14,"column":59}},{"start":{"line":14,"column":62},"end":{"line":14,"column":76}}]},"2":{"loc":{"start":{"line":26,"column":4},"end":{"line":29,"column":5}},"type":"if","locations":[{"start":{"line":26,"column":4},"end":{"line":29,"column":5}}]},"3":{"loc":{"start":{"line":33,"column":21},"end":{"line":33,"column":76}},"type":"cond-expr","locations":[{"start":{"line":33,"column":46},"end":{"line":33,"column":59}},{"start":{"line":33,"column":62},"end":{"line":33,"column":76}}]},"4":{"loc":{"start":{"line":43,"column":21},"end":{"line":43,"column":76}},"type":"cond-expr","locations":[{"start":{"line":43,"column":46},"end":{"line":43,"column":59}},{"start":{"line":43,"column":62},"end":{"line":43,"column":76}}]},"5":{"loc":{"start":{"line":52,"column":4},"end":{"line":55,"column":5}},"type":"if","locations":[{"start":{"line":52,"column":4},"end":{"line":55,"column":5}}]},"6":{"loc":{"start":{"line":59,"column":21},"end":{"line":59,"column":76}},"type":"cond-expr","locations":[{"start":{"line":59,"column":46},"end":{"line":59,"column":59}},{"start":{"line":59,"column":62},"end":{"line":59,"column":76}}]},"7":{"loc":{"start":{"line":68,"column":4},"end":{"line":71,"column":5}},"type":"if","locations":[{"start":{"line":68,"column":4},"end":{"line":71,"column":5}}]},"8":{"loc":{"start":{"line":75,"column":21},"end":{"line":75,"column":76}},"type":"cond-expr","locations":[{"start":{"line":75,"column":46},"end":{"line":75,"column":59}},{"start":{"line":75,"column":62},"end":{"line":75,"column":76}}]}},"s":{"0":1,"1":1,"2":17,"3":17,"4":1,"5":3,"6":3,"7":1,"8":2,"9":2,"10":1,"11":1,"12":5,"13":5,"14":3,"15":1,"16":1,"17":2,"18":2,"19":2,"20":1,"21":1,"22":4,"23":4,"24":1,"25":3,"26":3,"27":1,"28":1,"29":7,"30":7,"31":3,"32":1,"33":1,"34":2,"35":4,"36":4,"37":1,"38":1,"39":5,"40":5,"41":3,"42":1,"43":1,"44":2,"45":2,"46":2,"47":1},"f":{"0":17,"1":3,"2":5,"3":4,"4":7,"5":5},"b":{"0":[3,14],"1":[1,1],"2":[1],"3":[1,1],"4":[2,1],"5":[1],"6":[3,1],"7":[1],"8":[1,1]}}
,"/workspaces/node/src/models/file:/workspaces/node/src/models/produto.model.ts": {"path":"/workspaces/node/src/models/file:/workspaces/node/src/models/produto.model.ts","statementMap":{"0":{"start":{"line":1,"column":0},"end":{"line":1,"column":55}},"1":{"start":{"line":2,"column":0},"end":{"line":2,"column":40}},"2":{"start":{"line":23,"column":16},"end":{"line":50,"column":null}},"3":{"start":{"line":53,"column":0},"end":{"line":53,"column":23}}},"fnMap":{},"branchMap":{},"s":{"0":1,"1":1,"2":1,"3":1},"f":{},"b":{}}
,"/workspaces/node/src/routes/file:/workspaces/node/src/routes/produto.routes.ts": {"path":"/workspaces/node/src/routes/file:/workspaces/node/src/routes/produto.routes.ts","statementMap":{"0":{"start":{"line":1,"column":0},"end":{"line":1,"column":30}},"1":{"start":{"line":2,"column":0},"end":{"line":2,"column":64}},"2":{"start":{"line":4,"column":15},"end":{"line":4,"column":31}},"3":{"start":{"line":6,"column":0},"end":{"line":6,"column":35}},"4":{"start":{"line":7,"column":0},"end":{"line":7,"column":43}},"5":{"start":{"line":8,"column":0},"end":{"line":8,"column":35}},"6":{"start":{"line":9,"column":0},"end":{"line":9,"column":41}},"7":{"start":{"line":10,"column":0},"end":{"line":10,"column":42}},"8":{"start":{"line":12,"column":0},"end":{"line":12,"column":22}}},"fnMap":{},"branchMap":{},"s":{"0":1,"1":1,"2":1,"3":1,"4":1,"5":1,"6":1,"7":1,"8":1},"f":{},"b":{}}
,"/workspaces/node/src/services/file:/workspaces/node/src/services/produto.service.ts": {"path":"/workspaces/node/src/services/file:/workspaces/node/src/services/produto.service.ts","statementMap":{"0":{"start":{"line":12,"column":0},"end":{"line":12,"column":7}},"1":{"start":{"line":18,"column":0},"end":{"line":18,"column":7}},"2":{"start":{"line":24,"column":0},"end":{"line":24,"column":7}},"3":{"start":{"line":36,"column":0},"end":{"line":36,"column":7}},"4":{"start":{"line":63,"column":0},"end":{"line":63,"column":7}},"5":{"start":{"line":1,"column":0},"end":{"line":1,"column":null}},"6":{"start":{"line":13,"column":2},"end":{"line":15,"column":35}},"7":{"start":{"line":21,"column":2},"end":{"line":21,"column":65}},"8":{"start":{"line":25,"column":2},"end":{"line":27,"column":3}},"9":{"start":{"line":26,"column":4},"end":{"line":26,"column":53}},"10":{"start":{"line":29,"column":2},"end":{"line":33,"column":33}},"11":{"start":{"line":40,"column":18},"end":{"line":40,"column":39}},"12":{"start":{"line":42,"column":2},"end":{"line":44,"column":3}},"13":{"start":{"line":43,"column":4},"end":{"line":43,"column":16}},"14":{"start":{"line":46,"column":2},"end":{"line":48,"column":3}},"15":{"start":{"line":47,"column":4},"end":{"line":47,"column":42}},"16":{"start":{"line":50,"column":2},"end":{"line":52,"column":3}},"17":{"start":{"line":51,"column":4},"end":{"line":51,"column":43}},"18":{"start":{"line":54,"column":2},"end":{"line":58,"column":5}},"19":{"start":{"line":60,"column":2},"end":{"line":60,"column":36}},"20":{"start":{"line":64,"column":18},"end":{"line":64,"column":39}},"21":{"start":{"line":66,"column":2},"end":{"line":68,"column":3}},"22":{"start":{"line":67,"column":4},"end":{"line":67,"column":17}},"23":{"start":{"line":70,"column":2},"end":{"line":70,"column":26}},"24":{"start":{"line":71,"column":2},"end":{"line":71,"column":14}}},"fnMap":{"0":{"name":"listar","decl":{"start":{"line":12,"column":22},"end":{"line":12,"column":28}},"loc":{"start":{"line":12,"column":28},"end":{"line":16,"column":1}}},"1":{"name":"buscarPorId","decl":{"start":{"line":18,"column":22},"end":{"line":18,"column":33}},"loc":{"start":{"line":19,"column":21},"end":{"line":22,"column":1}}},"2":{"name":"criar","decl":{"start":{"line":24,"column":22},"end":{"line":24,"column":27}},"loc":{"start":{"line":24,"column":47},"end":{"line":34,"column":1}}},"3":{"name":"atualizar","decl":{"start":{"line":36,"column":22},"end":{"line":36,"column":31}},"loc":{"start":{"line":38,"column":22},"end":{"line":61,"column":1}}},"4":{"name":"remover","decl":{"start":{"line":63,"column":22},"end":{"line":63,"column":29}},"loc":{"start":{"line":63,"column":49},"end":{"line":72,"column":1}}}},"branchMap":{"0":{"loc":{"start":{"line":25,"column":2},"end":{"line":27,"column":3}},"type":"if","locations":[{"start":{"line":25,"column":2},"end":{"line":27,"column":3}}]},"1":{"loc":{"start":{"line":25,"column":6},"end":{"line":25,"column":50}},"type":"binary-expr","locations":[{"start":{"line":25,"column":6},"end":{"line":25,"column":12}},{"start":{"line":25,"column":16},"end":{"line":25,"column":27}},{"start":{"line":25,"column":31},"end":{"line":25,"column":50}}]},"2":{"loc":{"start":{"line":32,"column":15},"end":{"line":32,"column":38}},"type":"binary-expr","locations":[{"start":{"line":32,"column":15},"end":{"line":32,"column":30}},{"start":{"line":32,"column":34},"end":{"line":32,"column":38}}]},"3":{"loc":{"start":{"line":42,"column":2},"end":{"line":44,"column":3}},"type":"if","locations":[{"start":{"line":42,"column":2},"end":{"line":44,"column":3}}]},"4":{"loc":{"start":{"line":46,"column":2},"end":{"line":48,"column":3}},"type":"if","locations":[{"start":{"line":46,"column":2},"end":{"line":48,"column":3}}]},"5":{"loc":{"start":{"line":46,"column":6},"end":{"line":46,"column":61}},"type":"binary-expr","locations":[{"start":{"line":46,"column":6},"end":{"line":46,"column":11}},{"start":{"line":46,"column":15},"end":{"line":46,"column":39}},{"start":{"line":46,"column":43},"end":{"line":46,"column":61}}]},"6":{"loc":{"start":{"line":50,"column":2},"end":{"line":52,"column":3}},"type":"if","locations":[{"start":{"line":50,"column":2},"end":{"line":52,"column":3}}]},"7":{"loc":{"start":{"line":50,"column":6},"end":{"line":50,"column":63}},"type":"binary-expr","locations":[{"start":{"line":50,"column":6},"end":{"line":50,"column":11}},{"start":{"line":50,"column":15},"end":{"line":50,"column":40}},{"start":{"line":50,"column":44},"end":{"line":50,"column":63}}]},"8":{"loc":{"start":{"line":55,"column":10},"end":{"line":55,"column":37}},"type":"binary-expr","locations":[{"start":{"line":55,"column":10},"end":{"line":55,"column":21}},{"start":{"line":55,"column":25},"end":{"line":55,"column":37}}]},"9":{"loc":{"start":{"line":56,"column":11},"end":{"line":56,"column":40}},"type":"binary-expr","locations":[{"start":{"line":56,"column":11},"end":{"line":56,"column":23}},{"start":{"line":56,"column":27},"end":{"line":56,"column":40}}]},"10":{"loc":{"start":{"line":57,"column":15},"end":{"line":57,"column":52}},"type":"binary-expr","locations":[{"start":{"line":57,"column":15},"end":{"line":57,"column":31}},{"start":{"line":57,"column":35},"end":{"line":57,"column":52}}]},"11":{"loc":{"start":{"line":66,"column":2},"end":{"line":68,"column":3}},"type":"if","locations":[{"start":{"line":66,"column":2},"end":{"line":68,"column":3}}]}},"s":{"0":1,"1":1,"2":1,"3":1,"4":1,"5":1,"6":1,"7":16,"8":5,"9":4,"10":1,"11":8,"12":8,"13":2,"14":6,"15":2,"16":4,"17":2,"18":2,"19":2,"20":4,"21":4,"22":2,"23":2,"24":2},"f":{"0":1,"1":16,"2":5,"3":8,"4":4},"b":{"0":[4],"1":[5,5,3],"2":[1,0],"3":[2],"4":[2],"5":[6,5,5],"6":[2],"7":[4,3,3],"8":[2,1],"9":[2,1],"10":[2,2],"11":[2]}}
}
