TN:
SF:src/controllers/file:/workspaces/node/src/controllers/produto.controller.ts
FN:4,(anonymous_6)
FN:9,(anonymous_7)
FN:19,(anonymous_8)
FN:38,(anonymous_9)
FN:48,(anonymous_10)
FN:64,(anonymous_11)
FNF:6
FNH:6
FNDA:17,(anonymous_6)
FNDA:3,(anonymous_7)
FNDA:5,(anonymous_8)
FNDA:4,(anonymous_9)
FNDA:7,(anonymous_10)
FNDA:5,(anonymous_11)
DA:2,1
DA:4,1
DA:5,17
DA:6,17
DA:9,1
DA:10,3
DA:11,3
DA:12,1
DA:14,2
DA:15,2
DA:19,1
DA:23,5
DA:24,5
DA:26,3
DA:27,1
DA:28,1
DA:31,2
DA:33,2
DA:34,2
DA:38,1
DA:39,4
DA:40,4
DA:41,1
DA:43,3
DA:44,3
DA:48,1
DA:49,7
DA:50,7
DA:52,3
DA:53,1
DA:54,1
DA:57,2
DA:59,4
DA:60,4
DA:64,1
DA:65,5
DA:66,5
DA:68,3
DA:69,1
DA:70,1
DA:73,2
DA:75,2
DA:76,2
LF:43
LH:43
BRDA:6,0,0,3
BRDA:6,0,1,14
BRDA:14,1,0,1
BRDA:14,1,1,1
BRDA:26,2,0,1
BRDA:33,3,0,1
BRDA:33,3,1,1
BRDA:43,4,0,2
BRDA:43,4,1,1
BRDA:52,5,0,1
BRDA:59,6,0,3
BRDA:59,6,1,1
BRDA:68,7,0,1
BRDA:75,8,0,1
BRDA:75,8,1,1
BRF:15
BRH:15
end_of_record
TN:
SF:src/models/file:/workspaces/node/src/models/produto.model.ts
FNF:0
FNH:0
DA:1,1
DA:2,1
DA:23,1
DA:53,1
LF:4
LH:4
BRF:0
BRH:0
end_of_record
TN:
SF:src/routes/file:/workspaces/node/src/routes/produto.routes.ts
FNF:0
FNH:0
DA:1,1
DA:2,1
DA:4,1
DA:6,1
DA:7,1
DA:8,1
DA:9,1
DA:10,1
DA:12,1
LF:9
LH:9
BRF:0
BRH:0
end_of_record
TN:
SF:src/services/file:/workspaces/node/src/services/produto.service.ts
FN:12,listar
FN:18,buscarPorId
FN:24,criar
FN:36,atualizar
FN:63,remover
FNF:5
FNH:5
FNDA:1,listar
FNDA:16,buscarPorId
FNDA:5,criar
FNDA:8,atualizar
FNDA:4,remover
DA:1,1
DA:12,1
DA:13,1
DA:18,1
DA:21,16
DA:24,1
DA:25,5
DA:26,4
DA:29,1
DA:36,1
DA:40,8
DA:42,8
DA:43,2
DA:46,6
DA:47,2
DA:50,4
DA:51,2
DA:54,2
DA:60,2
DA:63,1
DA:64,4
DA:66,4
DA:67,2
DA:70,2
DA:71,2
LF:25
LH:25
BRDA:25,0,0,4
BRDA:25,1,0,5
BRDA:25,1,1,5
BRDA:25,1,2,3
BRDA:32,2,0,1
BRDA:32,2,1,0
BRDA:42,3,0,2
BRDA:46,4,0,2
BRDA:46,5,0,6
BRDA:46,5,1,5
BRDA:46,5,2,5
BRDA:50,6,0,2
BRDA:50,7,0,4
BRDA:50,7,1,3
BRDA:50,7,2,3
BRDA:55,8,0,2
BRDA:55,8,1,1
BRDA:56,9,0,2
BRDA:56,9,1,1
BRDA:57,10,0,2
BRDA:57,10,1,2
BRDA:66,11,0,2
BRF:22
BRH:21
end_of_record
